!SESSION 2018-07-03 16:30:16.778 -----------------------------------------------
eclipse.buildId=4.5.1.M20150904-0015
java.version=1.8.0_77
java.vendor=Oracle Corporation
BootLoader constants: OS=win32, ARCH=x86_64, WS=win32, NL=zh_CN
Framework arguments:  -product org.eclipse.epp.package.java.product
Command-line arguments:  -os win32 -ws win32 -arch x86_64 -product org.eclipse.epp.package.java.product

!ENTRY org.eclipse.equinox.p2.publisher.eclipse 4 0 2018-07-03 16:30:20.662
!MESSAGE Unable to acquire PluginConverter service during generation for: F:\Eclipse-java\eclipse\dropins\eclipse-maven3-plugin.

!ENTRY org.eclipse.equinox.p2.publisher.eclipse 4 0 2018-07-03 16:30:20.834
!MESSAGE Unable to acquire PluginConverter service during generation for: F:\Eclipse-java\eclipse\dropins\eclipse-maven3-plugin\features\org.maven.ide.eclipse.feature_0.12.1.20110112-1712.jar.

!ENTRY org.eclipse.equinox.p2.publisher.eclipse 4 0 2018-07-03 16:30:20.834
!MESSAGE Unable to acquire PluginConverter service during generation for: F:\Eclipse-java\eclipse\dropins\eclipse-maven3-plugin\features\org.maven.ide.eclipse.sdk.feature_0.12.1.20110112-1712.jar.

!ENTRY org.eclipse.equinox.p2.publisher.eclipse 4 0 2018-07-03 16:30:20.834
!MESSAGE Unable to acquire PluginConverter service during generation for: F:\Eclipse-java\eclipse\dropins\eclipse-maven3-plugin\features\org.maven.ide.eclipse.site_0.12.1.20110112-1712.jar.

!ENTRY org.eclipse.equinox.p2.publisher.eclipse 4 0 2018-07-03 16:30:20.896
!MESSAGE Unable to acquire PluginConverter service during generation for: F:\Eclipse-java\eclipse\dropins\eclipse-maven3-plugin\features\org.maven.ide.eclipse.feature_0.12.1.20110112-1712.jar.

!ENTRY org.eclipse.equinox.p2.publisher.eclipse 4 0 2018-07-03 16:30:20.896
!MESSAGE Unable to acquire PluginConverter service during generation for: F:\Eclipse-java\eclipse\dropins\eclipse-maven3-plugin\features\org.maven.ide.eclipse.sdk.feature_0.12.1.20110112-1712.jar.

!ENTRY org.eclipse.equinox.p2.publisher.eclipse 4 0 2018-07-03 16:30:20.896
!MESSAGE Unable to acquire PluginConverter service during generation for: F:\Eclipse-java\eclipse\dropins\eclipse-maven3-plugin\features\org.maven.ide.eclipse.site_0.12.1.20110112-1712.jar.

!ENTRY org.eclipse.equinox.p2.publisher.eclipse 4 0 2018-07-03 16:30:20.896
!MESSAGE Unable to acquire PluginConverter service during generation for: F:\Eclipse-java\eclipse\dropins\link.

!ENTRY org.eclipse.equinox.p2.core 4 0 2018-07-03 16:30:20.974
!MESSAGE Provisioning exception
!STACK 1
org.eclipse.equinox.p2.core.ProvisionException: No repository found at file:/F:/Eclipse-java/eclipse/dropins/link/.
	at org.eclipse.equinox.internal.p2.repository.helpers.AbstractRepositoryManager.fail(AbstractRepositoryManager.java:395)
	at org.eclipse.equinox.internal.p2.repository.helpers.AbstractRepositoryManager.loadRepository(AbstractRepositoryManager.java:692)
	at org.eclipse.equinox.internal.p2.metadata.repository.MetadataRepositoryManager.loadRepository(MetadataRepositoryManager.java:96)
	at org.eclipse.equinox.internal.p2.metadata.repository.MetadataRepositoryManager.loadRepository(MetadataRepositoryManager.java:92)
	at org.eclipse.equinox.internal.p2.reconciler.dropins.Activator.loadMetadataRepository(Activator.java:100)
	at org.eclipse.equinox.internal.p2.reconciler.dropins.DropinsRepositoryListener.getMetadataRepository(DropinsRepositoryListener.java:233)
	at org.eclipse.equinox.internal.p2.reconciler.dropins.DropinsRepositoryListener.addRepository(DropinsRepositoryListener.java:122)
	at org.eclipse.equinox.internal.p2.reconciler.dropins.DropinsRepositoryListener.added(DropinsRepositoryListener.java:96)
	at org.eclipse.equinox.internal.provisional.p2.directorywatcher.DirectoryWatcher.processFile(DirectoryWatcher.java:197)
	at org.eclipse.equinox.internal.provisional.p2.directorywatcher.DirectoryWatcher.scanDirectories(DirectoryWatcher.java:160)
	at org.eclipse.equinox.internal.provisional.p2.directorywatcher.DirectoryWatcher.poll(DirectoryWatcher.java:108)
	at org.eclipse.equinox.internal.p2.reconciler.dropins.Activator.watchDropins(Activator.java:543)
	at org.eclipse.equinox.internal.p2.reconciler.dropins.Activator.start(Activator.java:173)
	at org.eclipse.osgi.internal.framework.BundleContextImpl$3.run(BundleContextImpl.java:771)
	at org.eclipse.osgi.internal.framework.BundleContextImpl$3.run(BundleContextImpl.java:1)
	at java.security.AccessController.doPrivileged(Native Method)
	at org.eclipse.osgi.internal.framework.BundleContextImpl.startActivator(BundleContextImpl.java:764)
	at org.eclipse.osgi.internal.framework.BundleContextImpl.start(BundleContextImpl.java:721)
	at org.eclipse.osgi.internal.framework.EquinoxBundle.startWorker0(EquinoxBundle.java:941)
	at org.eclipse.osgi.internal.framework.EquinoxBundle$EquinoxModule.startWorker(EquinoxBundle.java:318)
	at org.eclipse.osgi.container.Module.doStart(Module.java:571)
	at org.eclipse.osgi.container.Module.start(Module.java:439)
	at org.eclipse.osgi.container.ModuleContainer$ContainerStartLevel.incStartLevel(ModuleContainer.java:1582)
	at org.eclipse.osgi.container.ModuleContainer$ContainerStartLevel.incStartLevel(ModuleContainer.java:1562)
	at org.eclipse.osgi.container.ModuleContainer$ContainerStartLevel.doContainerStartLevel(ModuleContainer.java:1533)
	at org.eclipse.osgi.container.ModuleContainer$ContainerStartLevel.dispatchEvent(ModuleContainer.java:1476)
	at org.eclipse.osgi.container.ModuleContainer$ContainerStartLevel.dispatchEvent(ModuleContainer.java:1)
	at org.eclipse.osgi.framework.eventmgr.EventManager.dispatchEvent(EventManager.java:230)
	at org.eclipse.osgi.framework.eventmgr.EventManager$EventThread.run(EventManager.java:340)
!SUBENTRY 1 org.eclipse.equinox.p2.metadata.repository 4 1000 2018-07-03 16:30:20.974
!MESSAGE No repository found at file:/F:/Eclipse-java/eclipse/dropins/link/.

!ENTRY org.eclipse.equinox.p2.core 4 0 2018-07-03 16:30:20.974
!MESSAGE Provisioning exception
!STACK 1
org.eclipse.equinox.p2.core.ProvisionException: No repository found at file:/F:/Eclipse-java/eclipse/dropins/link/.
	at org.eclipse.equinox.internal.p2.repository.helpers.AbstractRepositoryManager.fail(AbstractRepositoryManager.java:395)
	at org.eclipse.equinox.internal.p2.repository.helpers.AbstractRepositoryManager.loadRepository(AbstractRepositoryManager.java:692)
	at org.eclipse.equinox.internal.p2.artifact.repository.ArtifactRepositoryManager.loadRepository(ArtifactRepositoryManager.java:104)
	at org.eclipse.equinox.internal.p2.artifact.repository.ArtifactRepositoryManager.loadRepository(ArtifactRepositoryManager.java:100)
	at org.eclipse.equinox.internal.p2.reconciler.dropins.Activator.loadArtifactRepository(Activator.java:143)
	at org.eclipse.equinox.internal.p2.reconciler.dropins.DropinsRepositoryListener.getArtifactRepository(DropinsRepositoryListener.java:260)
	at org.eclipse.equinox.internal.p2.reconciler.dropins.DropinsRepositoryListener.addRepository(DropinsRepositoryListener.java:123)
	at org.eclipse.equinox.internal.p2.reconciler.dropins.DropinsRepositoryListener.added(DropinsRepositoryListener.java:96)
	at org.eclipse.equinox.internal.provisional.p2.directorywatcher.DirectoryWatcher.processFile(DirectoryWatcher.java:197)
	at org.eclipse.equinox.internal.provisional.p2.directorywatcher.DirectoryWatcher.scanDirectories(DirectoryWatcher.java:160)
	at org.eclipse.equinox.internal.provisional.p2.directorywatcher.DirectoryWatcher.poll(DirectoryWatcher.java:108)
	at org.eclipse.equinox.internal.p2.reconciler.dropins.Activator.watchDropins(Activator.java:543)
	at org.eclipse.equinox.internal.p2.reconciler.dropins.Activator.start(Activator.java:173)
	at org.eclipse.osgi.internal.framework.BundleContextImpl$3.run(BundleContextImpl.java:771)
	at org.eclipse.osgi.internal.framework.BundleContextImpl$3.run(BundleContextImpl.java:1)
	at java.security.AccessController.doPrivileged(Native Method)
	at org.eclipse.osgi.internal.framework.BundleContextImpl.startActivator(BundleContextImpl.java:764)
	at org.eclipse.osgi.internal.framework.BundleContextImpl.start(BundleContextImpl.java:721)
	at org.eclipse.osgi.internal.framework.EquinoxBundle.startWorker0(EquinoxBundle.java:941)
	at org.eclipse.osgi.internal.framework.EquinoxBundle$EquinoxModule.startWorker(EquinoxBundle.java:318)
	at org.eclipse.osgi.container.Module.doStart(Module.java:571)
	at org.eclipse.osgi.container.Module.start(Module.java:439)
	at org.eclipse.osgi.container.ModuleContainer$ContainerStartLevel.incStartLevel(ModuleContainer.java:1582)
	at org.eclipse.osgi.container.ModuleContainer$ContainerStartLevel.incStartLevel(ModuleContainer.java:1562)
	at org.eclipse.osgi.container.ModuleContainer$ContainerStartLevel.doContainerStartLevel(ModuleContainer.java:1533)
	at org.eclipse.osgi.container.ModuleContainer$ContainerStartLevel.dispatchEvent(ModuleContainer.java:1476)
	at org.eclipse.osgi.container.ModuleContainer$ContainerStartLevel.dispatchEvent(ModuleContainer.java:1)
	at org.eclipse.osgi.framework.eventmgr.EventManager.dispatchEvent(EventManager.java:230)
	at org.eclipse.osgi.framework.eventmgr.EventManager$EventThread.run(EventManager.java:340)
!SUBENTRY 1 org.eclipse.equinox.p2.artifact.repository 4 1000 2018-07-03 16:30:20.990
!MESSAGE No repository found at file:/F:/Eclipse-java/eclipse/dropins/link/.

!ENTRY org.eclipse.equinox.p2.publisher.eclipse 4 0 2018-07-03 16:30:20.990
!MESSAGE Unable to acquire PluginConverter service during generation for: F:\Eclipse-java\eclipse\dropins\svn_plugin.

!ENTRY org.eclipse.equinox.p2.publisher.eclipse 4 0 2018-07-03 16:30:21.083
!MESSAGE Unable to acquire PluginConverter service during generation for: F:\Eclipse-java\eclipse\dropins\svn_plugin\features\com.sun.jna_3.0.5.jar.

!ENTRY org.eclipse.equinox.p2.publisher.eclipse 4 0 2018-07-03 16:30:21.083
!MESSAGE Unable to acquire PluginConverter service during generation for: F:\Eclipse-java\eclipse\dropins\svn_plugin\features\org.tigris.subversion.clientadapter.feature_1.5.2.jar.

!ENTRY org.eclipse.equinox.p2.publisher.eclipse 4 0 2018-07-03 16:30:21.083
!MESSAGE Unable to acquire PluginConverter service during generation for: F:\Eclipse-java\eclipse\dropins\svn_plugin\features\org.tigris.subversion.clientadapter.javahl.feature_1.5.4.jar.

!ENTRY org.eclipse.equinox.p2.publisher.eclipse 4 0 2018-07-03 16:30:21.083
!MESSAGE Unable to acquire PluginConverter service during generation for: F:\Eclipse-java\eclipse\dropins\svn_plugin\features\org.tigris.subversion.clientadapter.svnkit.feature_1.5.2.jar.

!ENTRY org.eclipse.equinox.p2.publisher.eclipse 4 0 2018-07-03 16:30:21.083
!MESSAGE Unable to acquire PluginConverter service during generation for: F:\Eclipse-java\eclipse\dropins\svn_plugin\features\org.tigris.subversion.subclipse.graph.feature_1.0.0.jar.

!ENTRY org.eclipse.equinox.p2.publisher.eclipse 4 0 2018-07-03 16:30:21.083
!MESSAGE Unable to acquire PluginConverter service during generation for: F:\Eclipse-java\eclipse\dropins\svn_plugin\features\org.tigris.subversion.subclipse.mylyn_2.0.4.jar.

!ENTRY org.eclipse.equinox.p2.publisher.eclipse 4 0 2018-07-03 16:30:21.083
!MESSAGE Unable to acquire PluginConverter service during generation for: F:\Eclipse-java\eclipse\dropins\svn_plugin\features\org.tigris.subversion.subclipse.mylyn_3.0.0.jar.

!ENTRY org.eclipse.equinox.p2.publisher.eclipse 4 0 2018-07-03 16:30:21.083
!MESSAGE Unable to acquire PluginConverter service during generation for: F:\Eclipse-java\eclipse\dropins\svn_plugin\features\org.tigris.subversion.subclipse_1.4.6.jar.

!ENTRY org.eclipse.equinox.p2.publisher.eclipse 4 0 2018-07-03 16:30:21.083
!MESSAGE Unable to acquire PluginConverter service during generation for: F:\Eclipse-java\eclipse\dropins\svn_plugin\features\org.tmatesoft.svnkit_1.2.0.4949.jar.

!ENTRY org.eclipse.equinox.p2.publisher.eclipse 4 0 2018-07-03 16:30:21.130
!MESSAGE Unable to acquire PluginConverter service during generation for: F:\Eclipse-java\eclipse\dropins\svn_plugin\features\com.sun.jna_3.0.5.jar.

!ENTRY org.eclipse.equinox.p2.publisher.eclipse 4 0 2018-07-03 16:30:21.130
!MESSAGE Unable to acquire PluginConverter service during generation for: F:\Eclipse-java\eclipse\dropins\svn_plugin\features\org.tigris.subversion.clientadapter.feature_1.5.2.jar.

!ENTRY org.eclipse.equinox.p2.publisher.eclipse 4 0 2018-07-03 16:30:21.130
!MESSAGE Unable to acquire PluginConverter service during generation for: F:\Eclipse-java\eclipse\dropins\svn_plugin\features\org.tigris.subversion.clientadapter.javahl.feature_1.5.4.jar.

!ENTRY org.eclipse.equinox.p2.publisher.eclipse 4 0 2018-07-03 16:30:21.130
!MESSAGE Unable to acquire PluginConverter service during generation for: F:\Eclipse-java\eclipse\dropins\svn_plugin\features\org.tigris.subversion.clientadapter.svnkit.feature_1.5.2.jar.

!ENTRY org.eclipse.equinox.p2.publisher.eclipse 4 0 2018-07-03 16:30:21.130
!MESSAGE Unable to acquire PluginConverter service during generation for: F:\Eclipse-java\eclipse\dropins\svn_plugin\features\org.tigris.subversion.subclipse.graph.feature_1.0.0.jar.

!ENTRY org.eclipse.equinox.p2.publisher.eclipse 4 0 2018-07-03 16:30:21.130
!MESSAGE Unable to acquire PluginConverter service during generation for: F:\Eclipse-java\eclipse\dropins\svn_plugin\features\org.tigris.subversion.subclipse.mylyn_2.0.4.jar.

!ENTRY org.eclipse.equinox.p2.publisher.eclipse 4 0 2018-07-03 16:30:21.130
!MESSAGE Unable to acquire PluginConverter service during generation for: F:\Eclipse-java\eclipse\dropins\svn_plugin\features\org.tigris.subversion.subclipse.mylyn_3.0.0.jar.

!ENTRY org.eclipse.equinox.p2.publisher.eclipse 4 0 2018-07-03 16:30:21.130
!MESSAGE Unable to acquire PluginConverter service during generation for: F:\Eclipse-java\eclipse\dropins\svn_plugin\features\org.tigris.subversion.subclipse_1.4.6.jar.

!ENTRY org.eclipse.equinox.p2.publisher.eclipse 4 0 2018-07-03 16:30:21.130
!MESSAGE Unable to acquire PluginConverter service during generation for: F:\Eclipse-java\eclipse\dropins\svn_plugin\features\org.tmatesoft.svnkit_1.2.0.4949.jar.
